<?xml version="1.0" encoding="UTF-8"?>
<!-- Generated by org.testng.reporters.JUnitReportReporter -->
<testsuite hostname="SC-AD-LA-1706" failures="0" tests="10" name="TestCases.QALegendTestCases" time="189.415" errors="0" timestamp="2024-02-12T21:44:15 GST" skipped="0">
  <testcase classname="TestCases.QALegendTestCases" name="loginCRM" time="22.206"/>
  <system-out/>
  <testcase classname="TestCases.QALegendTestCases" name="testChatBoxFunctionality" time="16.028"/>
  <system-out/>
  <testcase classname="TestCases.QALegendTestCases" name="projectStatusDropdown" time="15.411"/>
  <system-out/>
  <testcase classname="TestCases.QALegendTestCases" name="addItems" time="19.632"/>
  <system-out/>
  <testcase classname="TestCases.QALegendTestCases" name="Tickets" time="21.241"/>
  <system-out/>
  <testcase classname="TestCases.QALegendTestCases" name="addAnnouncement" time="23.544"/>
  <system-out/>
  <testcase classname="TestCases.QALegendTestCases" name="applyLeave" time="16.098"/>
  <system-out/>
  <testcase classname="TestCases.QALegendTestCases" name="addEvent" time="15.708"/>
  <system-out/>
  <testcase classname="TestCases.QALegendTestCases" name="incomeVsExpenses" time="22.537"/>
  <system-out/>
  <testcase classname="TestCases.QALegendTestCases" name="clockInOrOutMembers" time="17.010"/>
  <system-out/>
</testsuite> <!-- TestCases.QALegendTestCases -->
