<?xml version="1.0" encoding="UTF-8"?>
<!-- Generated by org.testng.reporters.JUnitReportReporter -->
<testsuite hostname="SC-AD-LA-1706" failures="0" tests="2" name="TestCases.QALegendTestCases" time="28.847" errors="0" timestamp="2024-02-13T18:37:34 GST" skipped="0">
  <testcase classname="TestCases.QALegendTestCases" name="loginCRM" time="12.157"/>
  <system-out/>
  <testcase classname="TestCases.QALegendTestCases" name="addEvent" time="16.690"/>
  <system-out/>
</testsuite> <!-- TestCases.QALegendTestCases -->
